Flutter crash report; please file at https://github.com/flutter/flutter/issues.

## command

flutter --no-color packages upgrade

## exception

FileSystemException: FileSystemException: Deletion failed, path = 'C:\Users\yadavendras\flutter\bin\cache\artifacts\engine' (OS Error: The process cannot access the file because it is being used by another process.
, errno = 32)

```
#0      _Directory._deleteSync (dart:io/directory_impl.dart:174)
#1      FileSystemEntity.deleteSync (dart:io/file_system_entity.dart:451)
#2      ForwardingFileSystemEntity.deleteSync (package:file/src/forwarding/forwarding_file_system_entity.dart:68)
#3      CachedArtifact.update (package:flutter_tools/src/cache.dart:226)
<asynchronous suspension>
#4      Cache.updateAll (package:flutter_tools/src/cache.dart:195)
<asynchronous suspension>
#5      FlutterCommand.verifyThenRunCommand (package:flutter_tools/src/runner/flutter_command.dart:317)
<asynchronous suspension>
#6      FlutterCommand.run.<anonymous closure> (package:flutter_tools/src/runner/flutter_command.dart:270)
<asynchronous suspension>
#7      AppContext.run.<anonymous closure> (package:flutter_tools/src/base/context.dart:142)
<asynchronous suspension>
#8      _rootRun (dart:async/zone.dart:1126)
#9      _CustomZone.run (dart:async/zone.dart:1023)
#10     runZoned (dart:async/zone.dart:1501)
#11     AppContext.run (package:flutter_tools/src/base/context.dart:141)
<asynchronous suspension>
#12     FlutterCommand.run (package:flutter_tools/src/runner/flutter_command.dart:261)
#13     CommandRunner.runCommand (package:args/command_runner.dart:194)
<asynchronous suspension>
#14     FlutterCommandRunner.runCommand.<anonymous closure> (package:flutter_tools/src/runner/flutter_command_runner.dart:298)
<asynchronous suspension>
#15     AppContext.run.<anonymous closure> (package:flutter_tools/src/base/context.dart:142)
<asynchronous suspension>
#16     _rootRun (dart:async/zone.dart:1126)
#17     _CustomZone.run (dart:async/zone.dart:1023)
#18     runZoned (dart:async/zone.dart:1501)
#19     AppContext.run (package:flutter_tools/src/base/context.dart:141)
<asynchronous suspension>
#20     FlutterCommandRunner.runCommand (package:flutter_tools/src/runner/flutter_command_runner.dart:254)
<asynchronous suspension>
#21     CommandRunner.run.<anonymous closure> (package:args/command_runner.dart:109)
#22     new Future.sync (dart:async/future.dart:222)
#23     CommandRunner.run (package:args/command_runner.dart:109)
#24     FlutterCommandRunner.run (package:flutter_tools/src/runner/flutter_command_runner.dart:168)
#25     run.<anonymous closure> (package:flutter_tools/runner.dart:54)
<asynchronous suspension>
#26     AppContext.run.<anonymous closure> (package:flutter_tools/src/base/context.dart:142)
<asynchronous suspension>
#27     _rootRun (dart:async/zone.dart:1126)
#28     _CustomZone.run (dart:async/zone.dart:1023)
#29     runZoned (dart:async/zone.dart:1501)
#30     AppContext.run (package:flutter_tools/src/base/context.dart:141)
<asynchronous suspension>
#31     runInContext (package:flutter_tools/src/context_runner.dart:41)
<asynchronous suspension>
#32     run (package:flutter_tools/runner.dart:49)
#33     main (package:flutter_tools/executable.dart:48)
<asynchronous suspension>
#34     main (file:///C:/Users/yadavendras/flutter/packages/flutter_tools/bin/flutter_tools.dart:16)
#35     _startIsolate.<anonymous closure> (dart:isolate-patch/dart:isolate/isolate_patch.dart:277)
#36     _RawReceivePortImpl._handleMessage (dart:isolate-patch/dart:isolate/isolate_patch.dart:165)
```

## flutter doctor

```
[✓] Flutter (Channel beta, v0.2.8, on Microsoft Windows [Version 10.0.16299.248], locale en-US)
    • Flutter version 0.2.8 at C:\Users\yadavendras\flutter
    • Framework revision b397406561 (3 weeks ago), 2018-04-02 13:53:20 -0700
    • Engine revision c903c217a1
    • Dart version 2.0.0-dev.43.0.flutter-52afcba357

[!] Android toolchain - develop for Android devices (Android SDK 27.0.3)
    • Android SDK at C:\Users\yadavendras\AppData\Local\Android\sdk
    • Android NDK at C:\Users\yadavendras\AppData\Local\Android\sdk\ndk-bundle
    • Platform android-27, build-tools 27.0.3
    • Java binary at: C:\Program Files\Android\Android Studio1\jre\bin\java
    • Java version OpenJDK Runtime Environment (build 1.8.0_152-release-1024-b02)
    ! Some Android licenses not accepted.  To resolve this, run: flutter doctor --android-licenses

[!] Android Studio (version 3.0)
    • Android Studio at C:\Program Files\Android\Android Studio
    ✗ Unable to determine bundled Java version.
    • Try updating or re-installing Android Studio.

[✓] Android Studio (version 3.1)
    • Android Studio at C:\Program Files\Android\Android Studio1
    • Java version OpenJDK Runtime Environment (build 1.8.0_152-release-1024-b02)

[!] Connected devices
    ! No devices available

! Doctor found issues in 3 categories.
```
